<?xml version="1.0" encoding="UTF-8"?>
<!-- Generated by org.testng.reporters.JUnitReportReporter -->
<testsuite hostname="MWDH-Work2" failures="0" tests="1" name="ass2W10D2.pCloudyLogin" time="9.666" errors="0" timestamp="2022-08-20T02:43:05 AST" skipped="0">
  <testcase classname="ass2W10D2.pCloudyLogin" name="loginTest" time="9.666"/>
  <system-out/>
</testsuite> <!-- ass2W10D2.pCloudyLogin -->
