<?xml version="1.0" encoding="UTF-8"?>
<!-- Generated by org.testng.reporters.JUnitReportReporter -->
<testsuite hostname="MWDH-Work2" failures="0" tests="1" name="ass2W10D2.DataProviderWithExcel_002" time="15.496" errors="0" timestamp="2022-08-20T04:58:28 AST" skipped="0">
  <testcase classname="ass2W10D2.DataProviderWithExcel_002" name="f" time="15.496"/>
  <system-out/>
</testsuite> <!-- ass2W10D2.DataProviderWithExcel_002 -->
