<?xml version="1.0" encoding="UTF-8"?>
<!-- Generated by org.testng.reporters.JUnitReportReporter -->
<testsuite hostname="MWDH-Work2" failures="0" tests="2" name="ass2W10D2.DataProviderTest" time="30.348" errors="0" timestamp="2022-08-20T04:51:07 AST" skipped="0">
  <testcase classname="ass2W10D2.DataProviderTest" name="test" time="16.664"/>
  <system-out/>
  <testcase classname="ass2W10D2.DataProviderTest" name="test" time="13.684"/>
  <system-out/>
</testsuite> <!-- ass2W10D2.DataProviderTest -->
