<?xml version="1.0" encoding="UTF-8"?>
<!-- Generated by org.testng.reporters.JUnitReportReporter -->
<testsuite hostname="MWDH-Work2" failures="0" tests="2" name="ass2W10D2.DataProviderWithExcel_001" time="33.026" errors="0" timestamp="2022-08-20T04:56:09 AST" skipped="0">
  <testcase classname="ass2W10D2.DataProviderWithExcel_001" name="Registration_data" time="17.221"/>
  <system-out/>
  <testcase classname="ass2W10D2.DataProviderWithExcel_001" name="Registration_data" time="15.805"/>
  <system-out/>
</testsuite> <!-- ass2W10D2.DataProviderWithExcel_001 -->
